<?xml version="1.0" encoding="UTF-8"?>
<!-- Generated by org.testng.reporters.JUnitReportReporter -->
<testsuite skipped="0" hostname="Multinium" name="net.alantea.proper.test.AssociateTest" tests="2" failures="0" timestamp="23 Dec 2016 18:28:18 GMT" time="0.062" errors="0">
  <testcase name="simpleAsociateTest" time="0.061" classname="net.alantea.proper.test.AssociateTest"/>
  <testcase name="simpleKeycodedBindTest" time="0.001" classname="net.alantea.proper.test.AssociateTest"/>
</testsuite> <!-- net.alantea.proper.test.AssociateTest -->
