<?xml version="1.0" encoding="UTF-8"?>
<!-- Generated by org.testng.reporters.JUnitReportReporter -->
<testsuite skipped="0" hostname="Multinium" name="net.alantea.proper.test.BindTest" tests="3" failures="0" timestamp="23 Dec 2016 17:38:02 GMT" time="0.067" errors="0">
  <testcase name="simpleBindTest" time="0.002" classname="net.alantea.proper.test.BindTest"/>
  <testcase name="simpleKeycodedBindTest" time="0.002" classname="net.alantea.proper.test.BindTest"/>
  <testcase name="simpleBindBiDirectionalTest" time="0.063" classname="net.alantea.proper.test.BindTest"/>
</testsuite> <!-- net.alantea.proper.test.BindTest -->
